2022-11-18 16:11:37 - Starting D:\REPOS\Electron\ResearchElectron\node_modules\electron\dist\electron.exe  --harmony D:\REPOS\Electron\ResearchElectron\node_modules\node-windows\lib\wrapper.js --file D:\REPOS\Electron\ResearchElectron\serviceLogic.js --scriptoptions= --log "ResearchElectronService wrapper" --grow 0.25 --wait 1 --maxrestarts 3 --abortonerror n --stopparentfirst undefined
2022-11-18 16:11:38 - Started 11436
2022-11-18 16:11:47 - Stopping researchelectronservice.exe
2022-11-18 16:11:47 - ProcessKill 11436
2022-11-18 16:11:48 - Found child process: 25080 Name: electron.exe
2022-11-18 16:11:48 - Found child process: 22800 Name: electron.exe
2022-11-18 16:11:48 - Found child process: 10796 Name: electron.exe
2022-11-18 16:11:48 - Stopping process 25080
2022-11-18 16:11:48 - Send SIGINT 25080
2022-11-18 16:11:48 - SIGINT to 25080 failed - Killing as fallback
2022-11-18 16:11:48 - Stopping process 22800
2022-11-18 16:11:48 - Send SIGINT 22800
2022-11-18 16:11:48 - SIGINT to 22800 failed - Killing as fallback
2022-11-18 16:11:48 - Stopping process 10796
2022-11-18 16:11:48 - Send SIGINT 10796
2022-11-18 16:11:48 - SIGINT to 10796 failed - Killing as fallback
2022-11-18 16:11:48 - Stopping process 11436
2022-11-18 16:11:48 - Send SIGINT 11436
2022-11-18 16:11:48 - SIGINT to 11436 failed - Killing as fallback
2022-11-18 16:11:48 - Finished researchelectronservice.exe
